{"numFailedTestSuites":4,"numFailedTests":13,"numPassedTestSuites":4,"numPassedTests":14,"numPendingTestSuites":0,"numPendingTests":0,"numRuntimeErrorTestSuites":0,"numTodoTests":0,"numTotalTestSuites":8,"numTotalTests":27,"openHandles":[],"snapshot":{"added":0,"didUpdate":false,"failure":false,"filesAdded":0,"filesRemoved":0,"filesRemovedList":[],"filesUnmatched":0,"filesUpdated":0,"matched":0,"total":0,"unchecked":0,"uncheckedKeysByFile":[],"unmatched":0,"updated":0},"startTime":1778274337290,"success":false,"testResults":[{"assertionResults":[{"ancestorTitles":["Pruebas de Gobernanza y Seguridad Avanzada","Gobernanza de SUPER_ADMIN"],"duration":39,"failing":false,"failureDetails":[{"matcherResult":{"message":"expect(received).toContain(expected) // indexOf\n\nExpected substring: \"límite máximo de 2 SUPER_ADMIN activos\"\nReceived string:    \"Acceso denegado: Su cuenta se encuentra inactiva o ha sido suspendida. Por favor, contacte al administrador del sistema.\"","pass":false}}],"failureMessages":["Error: expect(received).toContain(expected) // indexOf\n\nExpected substring: \"límite máximo de 2 SUPER_ADMIN activos\"\nReceived string:    \"Acceso denegado: Su cuenta se encuentra inactiva o ha sido suspendida. Por favor, contacte al administrador del sistema.\"\n    at Object.toContain (C:\\Users\\Estudiantes\\Desktop\\semana 14\\carpetasistemabancario\\Sistema_Bancario\\BackEnd\\test\\governance.test.js:33:36)\n    at processTicksAndRejections (node:internal/process/task_queues:103:5)"],"fullName":"Pruebas de Gobernanza y Seguridad Avanzada Gobernanza de SUPER_ADMIN Debe impedir la creación de un tercer SUPER_ADMIN activo (Límite 2)","invocations":1,"location":null,"numPassingAsserts":1,"retryReasons":[],"startAt":1778274339077,"status":"failed","title":"Debe impedir la creación de un tercer SUPER_ADMIN activo (Límite 2)"},{"ancestorTitles":["Pruebas de Gobernanza y Seguridad Avanzada","Gobernanza de SUPER_ADMIN"],"duration":5,"failing":false,"failureDetails":[{"matcherResult":{"message":"expect(received).toContain(expected) // indexOf\n\nExpected substring: \"más reciente no puede desactivar a uno más antiguo\"\nReceived string:    \"acceso denegado: su cuenta se encuentra inactiva o ha sido suspendida. por favor, contacte al administrador del sistema.\"","pass":false}}],"failureMessages":["Error: expect(received).toContain(expected) // indexOf\n\nExpected substring: \"más reciente no puede desactivar a uno más antiguo\"\nReceived string:    \"acceso denegado: su cuenta se encuentra inactiva o ha sido suspendida. por favor, contacte al administrador del sistema.\"\n    at Object.toContain (C:\\Users\\Estudiantes\\Desktop\\semana 14\\carpetasistemabancario\\Sistema_Bancario\\BackEnd\\test\\governance.test.js:59:50)\n    at processTicksAndRejections (node:internal/process/task_queues:103:5)"],"fullName":"Pruebas de Gobernanza y Seguridad Avanzada Gobernanza de SUPER_ADMIN Debe impedir que un SUPER_ADMIN reciente desactive a uno más antiguo (Seniority)","invocations":1,"location":null,"numPassingAsserts":1,"retryReasons":[],"startAt":1778274339122,"status":"failed","title":"Debe impedir que un SUPER_ADMIN reciente desactive a uno más antiguo (Seniority)"},{"ancestorTitles":["Pruebas de Gobernanza y Seguridad Avanzada","Gobernanza de SUPER_ADMIN"],"duration":4,"failing":false,"failureDetails":[{"matcherResult":{"message":"expect(received).toContain(expected) // indexOf\n\nExpected substring: \"último SUPER_ADMIN activo\"\nReceived string:    \"Acceso denegado: Su cuenta se encuentra inactiva o ha sido suspendida. Por favor, contacte al administrador del sistema.\"","pass":false}}],"failureMessages":["Error: expect(received).toContain(expected) // indexOf\n\nExpected substring: \"último SUPER_ADMIN activo\"\nReceived string:    \"Acceso denegado: Su cuenta se encuentra inactiva o ha sido suspendida. Por favor, contacte al administrador del sistema.\"\n    at Object.toContain (C:\\Users\\Estudiantes\\Desktop\\semana 14\\carpetasistemabancario\\Sistema_Bancario\\BackEnd\\test\\governance.test.js:80:36)\n    at processTicksAndRejections (node:internal/process/task_queues:103:5)"],"fullName":"Pruebas de Gobernanza y Seguridad Avanzada Gobernanza de SUPER_ADMIN Debe impedir que el último SUPER_ADMIN se rebaje de rol (Abandono de cargo)","invocations":1,"location":null,"numPassingAsserts":1,"retryReasons":[],"startAt":1778274339127,"status":"failed","title":"Debe impedir que el último SUPER_ADMIN se rebaje de rol (Abandono de cargo)"},{"ancestorTitles":["Pruebas de Gobernanza y Seguridad Avanzada","Jerarquía RBAC y Restricciones"],"duration":4,"failing":false,"failureDetails":[{"matcherResult":{"message":"expect(received).toContain(expected) // indexOf\n\nExpected substring: \"no tiene permisos para crear usuarios con ese rol\"\nReceived string:    \"Acceso denegado: Su cuenta se encuentra inactiva o ha sido suspendida. Por favor, contacte al administrador del sistema.\"","pass":false}}],"failureMessages":["Error: expect(received).toContain(expected) // indexOf\n\nExpected substring: \"no tiene permisos para crear usuarios con ese rol\"\nReceived string:    \"Acceso denegado: Su cuenta se encuentra inactiva o ha sido suspendida. Por favor, contacte al administrador del sistema.\"\n    at Object.toContain (C:\\Users\\Estudiantes\\Desktop\\semana 14\\carpetasistemabancario\\Sistema_Bancario\\BackEnd\\test\\governance.test.js:100:36)\n    at processTicksAndRejections (node:internal/process/task_queues:103:5)"],"fullName":"Pruebas de Gobernanza y Seguridad Avanzada Jerarquía RBAC y Restricciones Debe impedir que un GERENTE cree un ADMIN (Jerarquía de Creación)","invocations":1,"location":null,"numPassingAsserts":1,"retryReasons":[],"startAt":1778274339131,"status":"failed","title":"Debe impedir que un GERENTE cree un ADMIN (Jerarquía de Creación)"},{"ancestorTitles":["Pruebas de Gobernanza y Seguridad Avanzada","Jerarquía RBAC y Restricciones"],"duration":5,"failing":false,"failureDetails":[{"matcherResult":{"actual":401,"expected":422,"message":"expect(received).toEqual(expected) // deep equality\n\nExpected: 422\nReceived: 401","name":"toEqual","pass":false}}],"failureMessages":["Error: expect(received).toEqual(expected) // deep equality\n\nExpected: 422\nReceived: 401\n    at Object.toEqual (C:\\Users\\Estudiantes\\Desktop\\semana 14\\carpetasistemabancario\\Sistema_Bancario\\BackEnd\\test\\governance.test.js:129:36)\n    at processTicksAndRejections (node:internal/process/task_queues:103:5)"],"fullName":"Pruebas de Gobernanza y Seguridad Avanzada Jerarquía RBAC y Restricciones Debe retornar 422 si una transición de rol requiere datos de empleado faltantes","invocations":1,"location":null,"numPassingAsserts":0,"retryReasons":[],"startAt":1778274339135,"status":"failed","title":"Debe retornar 422 si una transición de rol requiere datos de empleado faltantes"}],"endTime":1778274339154,"message":"  ● Pruebas de Gobernanza y Seguridad Avanzada › Gobernanza de SUPER_ADMIN › Debe impedir la creación de un tercer SUPER_ADMIN activo (Límite 2)\n\n    expect(received).toContain(expected) // indexOf\n\n    Expected substring: \"límite máximo de 2 SUPER_ADMIN activos\"\n    Received string:    \"Acceso denegado: Su cuenta se encuentra inactiva o ha sido suspendida. Por favor, contacte al administrador del sistema.\"\n\n    \u001b[0m \u001b[90m 31 |\u001b[39m\n     \u001b[90m 32 |\u001b[39m             expect(res\u001b[33m.\u001b[39mstatusCode)\u001b[33m.\u001b[39mtoEqual(\u001b[35m403\u001b[39m)\u001b[33m;\u001b[39m\n    \u001b[31m\u001b[1m>\u001b[22m\u001b[39m\u001b[90m 33 |\u001b[39m             expect(res\u001b[33m.\u001b[39mbody\u001b[33m.\u001b[39merror)\u001b[33m.\u001b[39mtoContain(\u001b[32m'límite máximo de 2 SUPER_ADMIN activos'\u001b[39m)\u001b[33m;\u001b[39m\n     \u001b[90m    |\u001b[39m                                    \u001b[31m\u001b[1m^\u001b[22m\u001b[39m\n     \u001b[90m 34 |\u001b[39m         })\u001b[33m;\u001b[39m\n     \u001b[90m 35 |\u001b[39m\n     \u001b[90m 36 |\u001b[39m         it(\u001b[32m'Debe impedir que un SUPER_ADMIN reciente desactive a uno más antiguo (Seniority)'\u001b[39m\u001b[33m,\u001b[39m \u001b[36masync\u001b[39m () \u001b[33m=>\u001b[39m {\u001b[0m\n\n      at Object.toContain (test/governance.test.js:33:36)\n\n  ● Pruebas de Gobernanza y Seguridad Avanzada › Gobernanza de SUPER_ADMIN › Debe impedir que un SUPER_ADMIN reciente desactive a uno más antiguo (Seniority)\n\n    expect(received).toContain(expected) // indexOf\n\n    Expected substring: \"más reciente no puede desactivar a uno más antiguo\"\n    Received string:    \"acceso denegado: su cuenta se encuentra inactiva o ha sido suspendida. por favor, contacte al administrador del sistema.\"\n\n    \u001b[0m \u001b[90m 57 |\u001b[39m\n     \u001b[90m 58 |\u001b[39m             expect(res\u001b[33m.\u001b[39mstatusCode)\u001b[33m.\u001b[39mtoEqual(\u001b[35m403\u001b[39m)\u001b[33m;\u001b[39m\n    \u001b[31m\u001b[1m>\u001b[22m\u001b[39m\u001b[90m 59 |\u001b[39m             expect(res\u001b[33m.\u001b[39mbody\u001b[33m.\u001b[39merror\u001b[33m.\u001b[39mtoLowerCase())\u001b[33m.\u001b[39mtoContain(\u001b[32m'más reciente no puede desactivar a uno más antiguo'\u001b[39m)\u001b[33m;\u001b[39m\n     \u001b[90m    |\u001b[39m                                                  \u001b[31m\u001b[1m^\u001b[22m\u001b[39m\n     \u001b[90m 60 |\u001b[39m         })\u001b[33m;\u001b[39m\n     \u001b[90m 61 |\u001b[39m\n     \u001b[90m 62 |\u001b[39m         it(\u001b[32m'Debe impedir que el último SUPER_ADMIN se rebaje de rol (Abandono de cargo)'\u001b[39m\u001b[33m,\u001b[39m \u001b[36masync\u001b[39m () \u001b[33m=>\u001b[39m {\u001b[0m\n\n      at Object.toContain (test/governance.test.js:59:50)\n\n  ● Pruebas de Gobernanza y Seguridad Avanzada › Gobernanza de SUPER_ADMIN › Debe impedir que el último SUPER_ADMIN se rebaje de rol (Abandono de cargo)\n\n    expect(received).toContain(expected) // indexOf\n\n    Expected substring: \"último SUPER_ADMIN activo\"\n    Received string:    \"Acceso denegado: Su cuenta se encuentra inactiva o ha sido suspendida. Por favor, contacte al administrador del sistema.\"\n\n    \u001b[0m \u001b[90m 78 |\u001b[39m\n     \u001b[90m 79 |\u001b[39m             expect(res\u001b[33m.\u001b[39mstatusCode)\u001b[33m.\u001b[39mtoEqual(\u001b[35m403\u001b[39m)\u001b[33m;\u001b[39m\n    \u001b[31m\u001b[1m>\u001b[22m\u001b[39m\u001b[90m 80 |\u001b[39m             expect(res\u001b[33m.\u001b[39mbody\u001b[33m.\u001b[39merror)\u001b[33m.\u001b[39mtoContain(\u001b[32m'último SUPER_ADMIN activo'\u001b[39m)\u001b[33m;\u001b[39m\n     \u001b[90m    |\u001b[39m                                    \u001b[31m\u001b[1m^\u001b[22m\u001b[39m\n     \u001b[90m 81 |\u001b[39m         })\u001b[33m;\u001b[39m\n     \u001b[90m 82 |\u001b[39m     })\u001b[33m;\u001b[39m\n     \u001b[90m 83 |\u001b[39m\u001b[0m\n\n      at Object.toContain (test/governance.test.js:80:36)\n\n  ● Pruebas de Gobernanza y Seguridad Avanzada › Jerarquía RBAC y Restricciones › Debe impedir que un GERENTE cree un ADMIN (Jerarquía de Creación)\n\n    expect(received).toContain(expected) // indexOf\n\n    Expected substring: \"no tiene permisos para crear usuarios con ese rol\"\n    Received string:    \"Acceso denegado: Su cuenta se encuentra inactiva o ha sido suspendida. Por favor, contacte al administrador del sistema.\"\n\n    \u001b[0m \u001b[90m  98 |\u001b[39m\n     \u001b[90m  99 |\u001b[39m             expect(res\u001b[33m.\u001b[39mstatusCode)\u001b[33m.\u001b[39mtoEqual(\u001b[35m403\u001b[39m)\u001b[33m;\u001b[39m\n    \u001b[31m\u001b[1m>\u001b[22m\u001b[39m\u001b[90m 100 |\u001b[39m             expect(res\u001b[33m.\u001b[39mbody\u001b[33m.\u001b[39merror)\u001b[33m.\u001b[39mtoContain(\u001b[32m'no tiene permisos para crear usuarios con ese rol'\u001b[39m)\u001b[33m;\u001b[39m\n     \u001b[90m     |\u001b[39m                                    \u001b[31m\u001b[1m^\u001b[22m\u001b[39m\n     \u001b[90m 101 |\u001b[39m         })\u001b[33m;\u001b[39m\n     \u001b[90m 102 |\u001b[39m\n     \u001b[90m 103 |\u001b[39m         it(\u001b[32m'Debe retornar 422 si una transición de rol requiere datos de empleado faltantes'\u001b[39m\u001b[33m,\u001b[39m \u001b[36masync\u001b[39m () \u001b[33m=>\u001b[39m {\u001b[0m\n\n      at Object.toContain (test/governance.test.js:100:36)\n\n  ● Pruebas de Gobernanza y Seguridad Avanzada › Jerarquía RBAC y Restricciones › Debe retornar 422 si una transición de rol requiere datos de empleado faltantes\n\n    expect(received).toEqual(expected) // deep equality\n\n    Expected: 422\n    Received: 401\n\n    \u001b[0m \u001b[90m 127 |\u001b[39m                 \u001b[33m.\u001b[39m\u001b[36mset\u001b[39m(\u001b[32m'Cookie'\u001b[39m\u001b[33m,\u001b[39m [\u001b[32m'token=fake_token'\u001b[39m])\u001b[33m;\u001b[39m\n     \u001b[90m 128 |\u001b[39m\n    \u001b[31m\u001b[1m>\u001b[22m\u001b[39m\u001b[90m 129 |\u001b[39m             expect(res\u001b[33m.\u001b[39mstatusCode)\u001b[33m.\u001b[39mtoEqual(\u001b[35m422\u001b[39m)\u001b[33m;\u001b[39m\n     \u001b[90m     |\u001b[39m                                    \u001b[31m\u001b[1m^\u001b[22m\u001b[39m\n     \u001b[90m 130 |\u001b[39m             expect(res\u001b[33m.\u001b[39mbody)\u001b[33m.\u001b[39mtoHaveProperty(\u001b[32m'requiresEmpleadoData'\u001b[39m\u001b[33m,\u001b[39m \u001b[36mtrue\u001b[39m)\u001b[33m;\u001b[39m\n     \u001b[90m 131 |\u001b[39m         })\u001b[33m;\u001b[39m\n     \u001b[90m 132 |\u001b[39m     })\u001b[33m;\u001b[39m\u001b[0m\n\n      at Object.toEqual (test/governance.test.js:129:36)\n","name":"C:\\Users\\Estudiantes\\Desktop\\semana 14\\carpetasistemabancario\\Sistema_Bancario\\BackEnd\\test\\governance.test.js","startTime":1778274337337,"status":"failed","summary":""},{"assertionResults":[{"ancestorTitles":["Pruebas de Hardening de Seguridad y Ownership","Control de Acceso y Ownership"],"duration":6,"failing":false,"failureDetails":[{"matcherResult":{"actual":403,"expected":200,"message":"expect(received).toBe(expected) // Object.is equality\n\nExpected: 200\nReceived: 403","name":"toBe","pass":false}}],"failureMessages":["Error: expect(received).toBe(expected) // Object.is equality\n\nExpected: 200\nReceived: 403\n    at Object.toBe (C:\\Users\\Estudiantes\\Desktop\\semana 14\\carpetasistemabancario\\Sistema_Bancario\\BackEnd\\test\\security_hardening.test.js:55:36)\n    at processTicksAndRejections (node:internal/process/task_queues:103:5)"],"fullName":"Pruebas de Hardening de Seguridad y Ownership Control de Acceso y Ownership Debe permitir acceso al propio perfil (200)","invocations":1,"location":null,"numPassingAsserts":0,"retryReasons":[],"startAt":1778274339455,"status":"failed","title":"Debe permitir acceso al propio perfil (200)"},{"ancestorTitles":["Pruebas de Hardening de Seguridad y Ownership","Control de Acceso y Ownership"],"duration":6,"failing":false,"failureDetails":[{"matcherResult":{"message":"expect(received).toContain(expected) // indexOf\n\nExpected substring: \"No tiene permisos de propiedad\"\nReceived string:    \"Acceso denegado: Su cuenta se encuentra inactiva o ha sido suspendida. Por favor, contacte al administrador del sistema.\"","pass":false}}],"failureMessages":["Error: expect(received).toContain(expected) // indexOf\n\nExpected substring: \"No tiene permisos de propiedad\"\nReceived string:    \"Acceso denegado: Su cuenta se encuentra inactiva o ha sido suspendida. Por favor, contacte al administrador del sistema.\"\n    at Object.toContain (C:\\Users\\Estudiantes\\Desktop\\semana 14\\carpetasistemabancario\\Sistema_Bancario\\BackEnd\\test\\security_hardening.test.js:61:36)\n    at processTicksAndRejections (node:internal/process/task_queues:103:5)"],"fullName":"Pruebas de Hardening de Seguridad y Ownership Control de Acceso y Ownership Debe denegar acceso a perfil ajeno (403)","invocations":1,"location":null,"numPassingAsserts":1,"retryReasons":[],"startAt":1778274339465,"status":"failed","title":"Debe denegar acceso a perfil ajeno (403)"},{"ancestorTitles":["Pruebas de Hardening de Seguridad y Ownership","Control de Acceso y Ownership"],"duration":8,"failing":false,"failureDetails":[{"matcherResult":{"message":"expect(received).toContain(expected) // indexOf\n\nExpected substring: \"No tiene permisos de propiedad\"\nReceived string:    \"Acceso denegado: Su cuenta se encuentra inactiva o ha sido suspendida. Por favor, contacte al administrador del sistema.\"","pass":false}}],"failureMessages":["Error: expect(received).toContain(expected) // indexOf\n\nExpected substring: \"No tiene permisos de propiedad\"\nReceived string:    \"Acceso denegado: Su cuenta se encuentra inactiva o ha sido suspendida. Por favor, contacte al administrador del sistema.\"\n    at Object.toContain (C:\\Users\\Estudiantes\\Desktop\\semana 14\\carpetasistemabancario\\Sistema_Bancario\\BackEnd\\test\\security_hardening.test.js:67:36)\n    at processTicksAndRejections (node:internal/process/task_queues:103:5)"],"fullName":"Pruebas de Hardening de Seguridad y Ownership Control de Acceso y Ownership Debe denegar modificación de cliente ajeno (403)","invocations":1,"location":null,"numPassingAsserts":1,"retryReasons":[],"startAt":1778274339471,"status":"failed","title":"Debe denegar modificación de cliente ajeno (403)"},{"ancestorTitles":["Pruebas de Hardening de Seguridad y Ownership","Hardening de Seniority"],"duration":4,"failing":false,"failureDetails":[{"matcherResult":{"message":"expect(received).toContain(expected) // indexOf\n\nExpected substring: \"más reciente no puede desactivar a uno más antiguo\"\nReceived string:    \"Acceso denegado: Su cuenta se encuentra inactiva o ha sido suspendida. Por favor, contacte al administrador del sistema.\"","pass":false}}],"failureMessages":["Error: expect(received).toContain(expected) // indexOf\n\nExpected substring: \"más reciente no puede desactivar a uno más antiguo\"\nReceived string:    \"Acceso denegado: Su cuenta se encuentra inactiva o ha sido suspendida. Por favor, contacte al administrador del sistema.\"\n    at Object.toContain (C:\\Users\\Estudiantes\\Desktop\\semana 14\\carpetasistemabancario\\Sistema_Bancario\\BackEnd\\test\\security_hardening.test.js:83:36)\n    at processTicksAndRejections (node:internal/process/task_queues:103:5)"],"fullName":"Pruebas de Hardening de Seguridad y Ownership Hardening de Seniority Seniority: SUPER_ADMIN reciente no puede tocar a uno antiguo","invocations":1,"location":null,"numPassingAsserts":1,"retryReasons":[],"startAt":1778274339479,"status":"failed","title":"Seniority: SUPER_ADMIN reciente no puede tocar a uno antiguo"}],"endTime":1778274339491,"message":"  ● Pruebas de Hardening de Seguridad y Ownership › Control de Acceso y Ownership › Debe permitir acceso al propio perfil (200)\n\n    expect(received).toBe(expected) // Object.is equality\n\n    Expected: 200\n    Received: 403\n\n    \u001b[0m \u001b[90m 53 |\u001b[39m         it(\u001b[32m'Debe permitir acceso al propio perfil (200)'\u001b[39m\u001b[33m,\u001b[39m \u001b[36masync\u001b[39m () \u001b[33m=>\u001b[39m {\n     \u001b[90m 54 |\u001b[39m             \u001b[36mconst\u001b[39m res \u001b[33m=\u001b[39m \u001b[36mawait\u001b[39m request(app)\u001b[33m.\u001b[39m\u001b[36mget\u001b[39m(\u001b[32m'/usuarios/1'\u001b[39m)\u001b[33m.\u001b[39m\u001b[36mset\u001b[39m(\u001b[32m'Cookie'\u001b[39m\u001b[33m,\u001b[39m [\u001b[32m'token=v'\u001b[39m])\u001b[33m;\u001b[39m\n    \u001b[31m\u001b[1m>\u001b[22m\u001b[39m\u001b[90m 55 |\u001b[39m             expect(res\u001b[33m.\u001b[39mstatusCode)\u001b[33m.\u001b[39mtoBe(\u001b[35m200\u001b[39m)\u001b[33m;\u001b[39m\n     \u001b[90m    |\u001b[39m                                    \u001b[31m\u001b[1m^\u001b[22m\u001b[39m\n     \u001b[90m 56 |\u001b[39m         })\u001b[33m;\u001b[39m\n     \u001b[90m 57 |\u001b[39m\n     \u001b[90m 58 |\u001b[39m         it(\u001b[32m'Debe denegar acceso a perfil ajeno (403)'\u001b[39m\u001b[33m,\u001b[39m \u001b[36masync\u001b[39m () \u001b[33m=>\u001b[39m {\u001b[0m\n\n      at Object.toBe (test/security_hardening.test.js:55:36)\n\n  ● Pruebas de Hardening de Seguridad y Ownership › Control de Acceso y Ownership › Debe denegar acceso a perfil ajeno (403)\n\n    expect(received).toContain(expected) // indexOf\n\n    Expected substring: \"No tiene permisos de propiedad\"\n    Received string:    \"Acceso denegado: Su cuenta se encuentra inactiva o ha sido suspendida. Por favor, contacte al administrador del sistema.\"\n\n    \u001b[0m \u001b[90m 59 |\u001b[39m             \u001b[36mconst\u001b[39m res \u001b[33m=\u001b[39m \u001b[36mawait\u001b[39m request(app)\u001b[33m.\u001b[39m\u001b[36mget\u001b[39m(\u001b[32m'/usuarios/2'\u001b[39m)\u001b[33m.\u001b[39m\u001b[36mset\u001b[39m(\u001b[32m'Cookie'\u001b[39m\u001b[33m,\u001b[39m [\u001b[32m'token=v'\u001b[39m])\u001b[33m;\u001b[39m\n     \u001b[90m 60 |\u001b[39m             expect(res\u001b[33m.\u001b[39mstatusCode)\u001b[33m.\u001b[39mtoBe(\u001b[35m403\u001b[39m)\u001b[33m;\u001b[39m\n    \u001b[31m\u001b[1m>\u001b[22m\u001b[39m\u001b[90m 61 |\u001b[39m             expect(res\u001b[33m.\u001b[39mbody\u001b[33m.\u001b[39merror)\u001b[33m.\u001b[39mtoContain(\u001b[32m'No tiene permisos de propiedad'\u001b[39m)\u001b[33m;\u001b[39m\n     \u001b[90m    |\u001b[39m                                    \u001b[31m\u001b[1m^\u001b[22m\u001b[39m\n     \u001b[90m 62 |\u001b[39m         })\u001b[33m;\u001b[39m\n     \u001b[90m 63 |\u001b[39m\n     \u001b[90m 64 |\u001b[39m         it(\u001b[32m'Debe denegar modificación de cliente ajeno (403)'\u001b[39m\u001b[33m,\u001b[39m \u001b[36masync\u001b[39m () \u001b[33m=>\u001b[39m {\u001b[0m\n\n      at Object.toContain (test/security_hardening.test.js:61:36)\n\n  ● Pruebas de Hardening de Seguridad y Ownership › Control de Acceso y Ownership › Debe denegar modificación de cliente ajeno (403)\n\n    expect(received).toContain(expected) // indexOf\n\n    Expected substring: \"No tiene permisos de propiedad\"\n    Received string:    \"Acceso denegado: Su cuenta se encuentra inactiva o ha sido suspendida. Por favor, contacte al administrador del sistema.\"\n\n    \u001b[0m \u001b[90m 65 |\u001b[39m             \u001b[36mconst\u001b[39m res \u001b[33m=\u001b[39m \u001b[36mawait\u001b[39m request(app)\u001b[33m.\u001b[39mpatch(\u001b[32m'/clientes/20'\u001b[39m)\u001b[33m.\u001b[39m\u001b[36mset\u001b[39m(\u001b[32m'Cookie'\u001b[39m\u001b[33m,\u001b[39m [\u001b[32m'token=v'\u001b[39m])\u001b[33m.\u001b[39msend({n\u001b[33m:\u001b[39m\u001b[32m'x'\u001b[39m})\u001b[33m;\u001b[39m\n     \u001b[90m 66 |\u001b[39m             expect(res\u001b[33m.\u001b[39mstatusCode)\u001b[33m.\u001b[39mtoBe(\u001b[35m403\u001b[39m)\u001b[33m;\u001b[39m\n    \u001b[31m\u001b[1m>\u001b[22m\u001b[39m\u001b[90m 67 |\u001b[39m             expect(res\u001b[33m.\u001b[39mbody\u001b[33m.\u001b[39merror)\u001b[33m.\u001b[39mtoContain(\u001b[32m'No tiene permisos de propiedad'\u001b[39m)\u001b[33m;\u001b[39m\n     \u001b[90m    |\u001b[39m                                    \u001b[31m\u001b[1m^\u001b[22m\u001b[39m\n     \u001b[90m 68 |\u001b[39m         })\u001b[33m;\u001b[39m\n     \u001b[90m 69 |\u001b[39m     })\u001b[33m;\u001b[39m\n     \u001b[90m 70 |\u001b[39m\u001b[0m\n\n      at Object.toContain (test/security_hardening.test.js:67:36)\n\n  ● Pruebas de Hardening de Seguridad y Ownership › Hardening de Seniority › Seniority: SUPER_ADMIN reciente no puede tocar a uno antiguo\n\n    expect(received).toContain(expected) // indexOf\n\n    Expected substring: \"más reciente no puede desactivar a uno más antiguo\"\n    Received string:    \"Acceso denegado: Su cuenta se encuentra inactiva o ha sido suspendida. Por favor, contacte al administrador del sistema.\"\n\n    \u001b[0m \u001b[90m 81 |\u001b[39m             \u001b[36mconst\u001b[39m res \u001b[33m=\u001b[39m \u001b[36mawait\u001b[39m request(app)\u001b[33m.\u001b[39mpatch(\u001b[32m'/usuarios/1/desactivar'\u001b[39m)\u001b[33m.\u001b[39m\u001b[36mset\u001b[39m(\u001b[32m'Cookie'\u001b[39m\u001b[33m,\u001b[39m [\u001b[32m'token=v'\u001b[39m])\u001b[33m;\u001b[39m\n     \u001b[90m 82 |\u001b[39m             expect(res\u001b[33m.\u001b[39mstatusCode)\u001b[33m.\u001b[39mtoBe(\u001b[35m403\u001b[39m)\u001b[33m;\u001b[39m\n    \u001b[31m\u001b[1m>\u001b[22m\u001b[39m\u001b[90m 83 |\u001b[39m             expect(res\u001b[33m.\u001b[39mbody\u001b[33m.\u001b[39merror)\u001b[33m.\u001b[39mtoContain(\u001b[32m'más reciente no puede desactivar a uno más antiguo'\u001b[39m)\u001b[33m;\u001b[39m\n     \u001b[90m    |\u001b[39m                                    \u001b[31m\u001b[1m^\u001b[22m\u001b[39m\n     \u001b[90m 84 |\u001b[39m         })\u001b[33m;\u001b[39m\n     \u001b[90m 85 |\u001b[39m     })\u001b[33m;\u001b[39m\n     \u001b[90m 86 |\u001b[39m })\u001b[33m;\u001b[39m\u001b[0m\n\n      at Object.toContain (test/security_hardening.test.js:83:36)\n","name":"C:\\Users\\Estudiantes\\Desktop\\semana 14\\carpetasistemabancario\\Sistema_Bancario\\BackEnd\\test\\security_hardening.test.js","startTime":1778274339161,"status":"failed","summary":""},{"assertionResults":[{"ancestorTitles":["Pruebas de Autenticación (Auth)","POST /auth/login"],"duration":11,"failing":false,"failureDetails":[],"failureMessages":[],"fullName":"Pruebas de Autenticación (Auth) POST /auth/login Debe retornar 200 y un mensaje de éxito para login válido","invocations":1,"location":null,"numPassingAsserts":3,"retryReasons":[],"startAt":1778274339606,"status":"passed","title":"Debe retornar 200 y un mensaje de éxito para login válido"},{"ancestorTitles":["Pruebas de Autenticación (Auth)","POST /auth/login"],"duration":4,"failing":false,"failureDetails":[],"failureMessages":[],"fullName":"Pruebas de Autenticación (Auth) POST /auth/login Debe retornar 401 para un usuario inexistente","invocations":1,"location":null,"numPassingAsserts":2,"retryReasons":[],"startAt":1778274339617,"status":"passed","title":"Debe retornar 401 para un usuario inexistente"},{"ancestorTitles":["Pruebas de Autenticación (Auth)","POST /auth/login"],"duration":3,"failing":false,"failureDetails":[],"failureMessages":[],"fullName":"Pruebas de Autenticación (Auth) POST /auth/login Debe retornar 403 si la cuenta está inactiva","invocations":1,"location":null,"numPassingAsserts":2,"retryReasons":[],"startAt":1778274339621,"status":"passed","title":"Debe retornar 403 si la cuenta está inactiva"},{"ancestorTitles":["Pruebas de Autenticación (Auth)","GET /auth/me (Protección)"],"duration":3,"failing":false,"failureDetails":[],"failureMessages":[],"fullName":"Pruebas de Autenticación (Auth) GET /auth/me (Protección) Debe rechazar acceso si la cuenta se inactivó después de emitir el token (403)","invocations":1,"location":null,"numPassingAsserts":2,"retryReasons":[],"startAt":1778274339624,"status":"passed","title":"Debe rechazar acceso si la cuenta se inactivó después de emitir el token (403)"},{"ancestorTitles":["Pruebas de Autenticación (Auth)","GET /auth/me (Protección)"],"duration":16,"failing":false,"failureDetails":[{"matcherResult":{"actual":500,"expected":403,"message":"expect(received).toEqual(expected) // deep equality\n\nExpected: 403\nReceived: 500","name":"toEqual","pass":false}}],"failureMessages":["Error: expect(received).toEqual(expected) // deep equality\n\nExpected: 403\nReceived: 500\n    at Object.toEqual (C:\\Users\\Estudiantes\\Desktop\\semana 14\\carpetasistemabancario\\Sistema_Bancario\\BackEnd\\test\\auth.test.js:120:36)\n    at processTicksAndRejections (node:internal/process/task_queues:103:5)"],"fullName":"Pruebas de Autenticación (Auth) GET /auth/me (Protección) Debe retornar 403 si el token es corrupto o inválido","invocations":1,"location":null,"numPassingAsserts":0,"retryReasons":[],"startAt":1778274339627,"status":"failed","title":"Debe retornar 403 si el token es corrupto o inválido"}],"endTime":1778274339646,"message":"  ● Pruebas de Autenticación (Auth) › GET /auth/me (Protección) › Debe retornar 403 si el token es corrupto o inválido\n\n    expect(received).toEqual(expected) // deep equality\n\n    Expected: 403\n    Received: 500\n\n    \u001b[0m \u001b[90m 118 |\u001b[39m                 \u001b[33m.\u001b[39m\u001b[36mset\u001b[39m(\u001b[32m'Cookie'\u001b[39m\u001b[33m,\u001b[39m [\u001b[32m'token=corrupt_token'\u001b[39m])\u001b[33m;\u001b[39m\n     \u001b[90m 119 |\u001b[39m\n    \u001b[31m\u001b[1m>\u001b[22m\u001b[39m\u001b[90m 120 |\u001b[39m             expect(res\u001b[33m.\u001b[39mstatusCode)\u001b[33m.\u001b[39mtoEqual(\u001b[35m403\u001b[39m)\u001b[33m;\u001b[39m\n     \u001b[90m     |\u001b[39m                                    \u001b[31m\u001b[1m^\u001b[22m\u001b[39m\n     \u001b[90m 121 |\u001b[39m             expect(res\u001b[33m.\u001b[39mbody\u001b[33m.\u001b[39merror)\u001b[33m.\u001b[39mtoContain(\u001b[32m'Token proporcionado es inválido'\u001b[39m)\u001b[33m;\u001b[39m\n     \u001b[90m 122 |\u001b[39m         })\u001b[33m;\u001b[39m\n     \u001b[90m 123 |\u001b[39m     })\u001b[33m;\u001b[39m\u001b[0m\n\n      at Object.toEqual (test/auth.test.js:120:36)\n","name":"C:\\Users\\Estudiantes\\Desktop\\semana 14\\carpetasistemabancario\\Sistema_Bancario\\BackEnd\\test\\auth.test.js","startTime":1778274339496,"status":"failed","summary":""},{"assertionResults":[{"ancestorTitles":["Pruebas de Usuarios (Usuario)","GET /usuarios"],"duration":5,"failing":false,"failureDetails":[{"matcherResult":{"actual":500,"expected":200,"message":"expect(received).toEqual(expected) // deep equality\n\nExpected: 200\nReceived: 500","name":"toEqual","pass":false}}],"failureMessages":["Error: expect(received).toEqual(expected) // deep equality\n\nExpected: 200\nReceived: 500\n    at Object.toEqual (C:\\Users\\Estudiantes\\Desktop\\semana 14\\carpetasistemabancario\\Sistema_Bancario\\BackEnd\\test\\usuario.test.js:51:36)\n    at processTicksAndRejections (node:internal/process/task_queues:103:5)"],"fullName":"Pruebas de Usuarios (Usuario) GET /usuarios Debe retornar lista de usuarios para un ADMIN","invocations":1,"location":null,"numPassingAsserts":0,"retryReasons":[],"startAt":1778274339735,"status":"failed","title":"Debe retornar lista de usuarios para un ADMIN"},{"ancestorTitles":["Pruebas de Usuarios (Usuario)","GET /usuarios"],"duration":3,"failing":false,"failureDetails":[{"matcherResult":{"actual":500,"expected":403,"message":"expect(received).toEqual(expected) // deep equality\n\nExpected: 403\nReceived: 500","name":"toEqual","pass":false}}],"failureMessages":["Error: expect(received).toEqual(expected) // deep equality\n\nExpected: 403\nReceived: 500\n    at Object.toEqual (C:\\Users\\Estudiantes\\Desktop\\semana 14\\carpetasistemabancario\\Sistema_Bancario\\BackEnd\\test\\usuario.test.js:70:36)\n    at processTicksAndRejections (node:internal/process/task_queues:103:5)"],"fullName":"Pruebas de Usuarios (Usuario) GET /usuarios Debe rechazar el acceso si el rol no es permitido (ej: CLIENTE)","invocations":1,"location":null,"numPassingAsserts":0,"retryReasons":[],"startAt":1778274339744,"status":"failed","title":"Debe rechazar el acceso si el rol no es permitido (ej: CLIENTE)"},{"ancestorTitles":["Pruebas de Usuarios (Usuario)","Operaciones de Cuenta y Jerarquía"],"duration":3,"failing":false,"failureDetails":[],"failureMessages":[],"fullName":"Pruebas de Usuarios (Usuario) Operaciones de Cuenta y Jerarquía Debe permitir que un CLIENTE desactive su propia cuenta (Soft Delete)","invocations":1,"location":null,"numPassingAsserts":2,"retryReasons":[],"startAt":1778274339748,"status":"passed","title":"Debe permitir que un CLIENTE desactive su propia cuenta (Soft Delete)"},{"ancestorTitles":["Pruebas de Usuarios (Usuario)","Operaciones de Cuenta y Jerarquía"],"duration":5,"failing":false,"failureDetails":[{"matcherResult":{"message":"expect(received).toContain(expected) // indexOf\n\nExpected substring: \"no tiene permisos para reactivar\"\nReceived string:    \"acceso restringido. permisos insuficientes. su rol actual es 'empleado', pero esta acción requiere estrictamente uno de los siguientes roles: [admin, gerente].\"","pass":false}}],"failureMessages":["Error: expect(received).toContain(expected) // indexOf\n\nExpected substring: \"no tiene permisos para reactivar\"\nReceived string:    \"acceso restringido. permisos insuficientes. su rol actual es 'empleado', pero esta acción requiere estrictamente uno de los siguientes roles: [admin, gerente].\"\n    at Object.toContain (C:\\Users\\Estudiantes\\Desktop\\semana 14\\carpetasistemabancario\\Sistema_Bancario\\BackEnd\\test\\usuario.test.js:116:50)\n    at processTicksAndRejections (node:internal/process/task_queues:103:5)"],"fullName":"Pruebas de Usuarios (Usuario) Operaciones de Cuenta y Jerarquía Debe impedir que un EMPLEADO reactive a un ADMIN (Jerarquía de Reactivación)","invocations":1,"location":null,"numPassingAsserts":1,"retryReasons":[],"startAt":1778274339751,"status":"failed","title":"Debe impedir que un EMPLEADO reactive a un ADMIN (Jerarquía de Reactivación)"}],"endTime":1778274339763,"message":"  ● Pruebas de Usuarios (Usuario) › GET /usuarios › Debe retornar lista de usuarios para un ADMIN\n\n    expect(received).toEqual(expected) // deep equality\n\n    Expected: 200\n    Received: 500\n\n    \u001b[0m \u001b[90m 49 |\u001b[39m                 \u001b[33m.\u001b[39m\u001b[36mset\u001b[39m(\u001b[32m'Cookie'\u001b[39m\u001b[33m,\u001b[39m [\u001b[32m'token=fake_token'\u001b[39m])\u001b[33m;\u001b[39m\n     \u001b[90m 50 |\u001b[39m\n    \u001b[31m\u001b[1m>\u001b[22m\u001b[39m\u001b[90m 51 |\u001b[39m             expect(res\u001b[33m.\u001b[39mstatusCode)\u001b[33m.\u001b[39mtoEqual(\u001b[35m200\u001b[39m)\u001b[33m;\u001b[39m\n     \u001b[90m    |\u001b[39m                                    \u001b[31m\u001b[1m^\u001b[22m\u001b[39m\n     \u001b[90m 52 |\u001b[39m             expect(\u001b[33mArray\u001b[39m\u001b[33m.\u001b[39misArray(res\u001b[33m.\u001b[39mbody))\u001b[33m.\u001b[39mtoBe(\u001b[36mtrue\u001b[39m)\u001b[33m;\u001b[39m\n     \u001b[90m 53 |\u001b[39m         })\u001b[33m;\u001b[39m\n     \u001b[90m 54 |\u001b[39m\u001b[0m\n\n      at Object.toEqual (test/usuario.test.js:51:36)\n\n  ● Pruebas de Usuarios (Usuario) › GET /usuarios › Debe rechazar el acceso si el rol no es permitido (ej: CLIENTE)\n\n    expect(received).toEqual(expected) // deep equality\n\n    Expected: 403\n    Received: 500\n\n    \u001b[0m \u001b[90m 68 |\u001b[39m                 \u001b[33m.\u001b[39m\u001b[36mset\u001b[39m(\u001b[32m'Cookie'\u001b[39m\u001b[33m,\u001b[39m [\u001b[32m'token=fake_token'\u001b[39m])\u001b[33m;\u001b[39m\n     \u001b[90m 69 |\u001b[39m\n    \u001b[31m\u001b[1m>\u001b[22m\u001b[39m\u001b[90m 70 |\u001b[39m             expect(res\u001b[33m.\u001b[39mstatusCode)\u001b[33m.\u001b[39mtoEqual(\u001b[35m403\u001b[39m)\u001b[33m;\u001b[39m\n     \u001b[90m    |\u001b[39m                                    \u001b[31m\u001b[1m^\u001b[22m\u001b[39m\n     \u001b[90m 71 |\u001b[39m             expect(res\u001b[33m.\u001b[39mbody\u001b[33m.\u001b[39merror\u001b[33m.\u001b[39mtoLowerCase())\u001b[33m.\u001b[39mtoContain(\u001b[32m'permisos insuficientes'\u001b[39m)\u001b[33m;\u001b[39m\n     \u001b[90m 72 |\u001b[39m         })\u001b[33m;\u001b[39m\n     \u001b[90m 73 |\u001b[39m     })\u001b[33m;\u001b[39m\u001b[0m\n\n      at Object.toEqual (test/usuario.test.js:70:36)\n\n  ● Pruebas de Usuarios (Usuario) › Operaciones de Cuenta y Jerarquía › Debe impedir que un EMPLEADO reactive a un ADMIN (Jerarquía de Reactivación)\n\n    expect(received).toContain(expected) // indexOf\n\n    Expected substring: \"no tiene permisos para reactivar\"\n    Received string:    \"acceso restringido. permisos insuficientes. su rol actual es 'empleado', pero esta acción requiere estrictamente uno de los siguientes roles: [admin, gerente].\"\n\n    \u001b[0m \u001b[90m 114 |\u001b[39m\n     \u001b[90m 115 |\u001b[39m             expect(res\u001b[33m.\u001b[39mstatusCode)\u001b[33m.\u001b[39mtoEqual(\u001b[35m403\u001b[39m)\u001b[33m;\u001b[39m\n    \u001b[31m\u001b[1m>\u001b[22m\u001b[39m\u001b[90m 116 |\u001b[39m             expect(res\u001b[33m.\u001b[39mbody\u001b[33m.\u001b[39merror\u001b[33m.\u001b[39mtoLowerCase())\u001b[33m.\u001b[39mtoContain(\u001b[32m'no tiene permisos para reactivar'\u001b[39m)\u001b[33m;\u001b[39m\n     \u001b[90m     |\u001b[39m                                                  \u001b[31m\u001b[1m^\u001b[22m\u001b[39m\n     \u001b[90m 117 |\u001b[39m         })\u001b[33m;\u001b[39m\n     \u001b[90m 118 |\u001b[39m     })\u001b[33m;\u001b[39m\n     \u001b[90m 119 |\u001b[39m })\u001b[33m;\u001b[39m\u001b[0m\n\n      at Object.toContain (test/usuario.test.js:116:50)\n","name":"C:\\Users\\Estudiantes\\Desktop\\semana 14\\carpetasistemabancario\\Sistema_Bancario\\BackEnd\\test\\usuario.test.js","startTime":1778274339650,"status":"failed","summary":""},{"assertionResults":[{"ancestorTitles":["Pruebas de Usuario Completo (Transaccional)"],"duration":70,"failing":false,"failureDetails":[],"failureMessages":[],"fullName":"Pruebas de Usuario Completo (Transaccional) Debe crear un usuario y cliente exitosamente (201)","invocations":1,"location":null,"numPassingAsserts":3,"retryReasons":[],"startAt":1778274339887,"status":"passed","title":"Debe crear un usuario y cliente exitosamente (201)"},{"ancestorTitles":["Pruebas de Usuario Completo (Transaccional)"],"duration":5,"failing":false,"failureDetails":[],"failureMessages":[],"fullName":"Pruebas de Usuario Completo (Transaccional) Debe rechazar la creación de un tercer SUPER_ADMIN (403)","invocations":1,"location":null,"numPassingAsserts":2,"retryReasons":[],"startAt":1778274339958,"status":"passed","title":"Debe rechazar la creación de un tercer SUPER_ADMIN (403)"},{"ancestorTitles":["Pruebas de Usuario Completo (Transaccional)"],"duration":71,"failing":false,"failureDetails":[],"failureMessages":[],"fullName":"Pruebas de Usuario Completo (Transaccional) Debe realizar rollback si la creación del usuario falla después de crear un cliente","invocations":1,"location":null,"numPassingAsserts":2,"retryReasons":[],"startAt":1778274339963,"status":"passed","title":"Debe realizar rollback si la creación del usuario falla después de crear un cliente"}],"endTime":1778274340034,"message":"","name":"C:\\Users\\Estudiantes\\Desktop\\semana 14\\carpetasistemabancario\\Sistema_Bancario\\BackEnd\\test\\usuariocompleto.test.js","startTime":1778274339767,"status":"passed","summary":""},{"assertionResults":[{"ancestorTitles":["Pruebas de Historial de Auditoría (Auditoría)"],"duration":5,"failing":false,"failureDetails":[],"failureMessages":[],"fullName":"Pruebas de Historial de Auditoría (Auditoría) Debe permitir listar registros de auditoría a un ADMIN (200)","invocations":1,"location":null,"numPassingAsserts":2,"retryReasons":[],"startAt":1778274340134,"status":"passed","title":"Debe permitir listar registros de auditoría a un ADMIN (200)"},{"ancestorTitles":["Pruebas de Historial de Auditoría (Auditoría)"],"duration":3,"failing":false,"failureDetails":[],"failureMessages":[],"fullName":"Pruebas de Historial de Auditoría (Auditoría) Debe rechazar el acceso a un CLIENTE (403)","invocations":1,"location":null,"numPassingAsserts":1,"retryReasons":[],"startAt":1778274340139,"status":"passed","title":"Debe rechazar el acceso a un CLIENTE (403)"}],"endTime":1778274340142,"message":"","name":"C:\\Users\\Estudiantes\\Desktop\\semana 14\\carpetasistemabancario\\Sistema_Bancario\\BackEnd\\test\\historialauditoria.test.js","startTime":1778274340040,"status":"passed","summary":""},{"assertionResults":[{"ancestorTitles":["Pruebas de Clientes (Cliente)"],"duration":17,"failing":false,"failureDetails":[],"failureMessages":[],"fullName":"Pruebas de Clientes (Cliente) Debe listar clientes para un administrador (200)","invocations":1,"location":null,"numPassingAsserts":2,"retryReasons":[],"startAt":1778274340245,"status":"passed","title":"Debe listar clientes para un administrador (200)"},{"ancestorTitles":["Pruebas de Clientes (Cliente)"],"duration":7,"failing":false,"failureDetails":[],"failureMessages":[],"fullName":"Pruebas de Clientes (Cliente) Debe retornar 400 si fallan las validaciones al crear cliente","invocations":1,"location":null,"numPassingAsserts":2,"retryReasons":[],"startAt":1778274340262,"status":"passed","title":"Debe retornar 400 si fallan las validaciones al crear cliente"}],"endTime":1778274340269,"message":"","name":"C:\\Users\\Estudiantes\\Desktop\\semana 14\\carpetasistemabancario\\Sistema_Bancario\\BackEnd\\test\\cliente.test.js","startTime":1778274340146,"status":"passed","summary":""},{"assertionResults":[{"ancestorTitles":["Pruebas de Empleados (Empleado)"],"duration":4,"failing":false,"failureDetails":[],"failureMessages":[],"fullName":"Pruebas de Empleados (Empleado) Debe listar empleados exitosamente (200)","invocations":1,"location":null,"numPassingAsserts":2,"retryReasons":[],"startAt":1778274340364,"status":"passed","title":"Debe listar empleados exitosamente (200)"},{"ancestorTitles":["Pruebas de Empleados (Empleado)"],"duration":9,"failing":false,"failureDetails":[],"failureMessages":[],"fullName":"Pruebas de Empleados (Empleado) Debe crear un empleado exitosamente (201)","invocations":1,"location":null,"numPassingAsserts":2,"retryReasons":[],"startAt":1778274340369,"status":"passed","title":"Debe crear un empleado exitosamente (201)"}],"endTime":1778274340379,"message":"","name":"C:\\Users\\Estudiantes\\Desktop\\semana 14\\carpetasistemabancario\\Sistema_Bancario\\BackEnd\\test\\empleado.test.js","startTime":1778274340275,"status":"passed","summary":""}],"wasInterrupted":false}
